debug: clear {"timestamp":"2024-04-12T12:43:30.965Z"}
debug: mkdirSync: C:\OSPanel\domains\bitrix.familyTree\local\modules\up.tree\node_modules\@balkangraph\export-service/appdata {"timestamp":"2024-04-12T12:43:30.967Z"}
debug: readdir: C:\OSPanel\domains\bitrix.familyTree\local\modules\up.tree\node_modules\@balkangraph\export-service/appdata {"timestamp":"2024-04-12T12:43:30.968Z"}
debug: dir existsSync: ./logs {"timestamp":"2024-04-12T12:43:30.968Z"}
debug: clear {"timestamp":"2024-04-12T12:43:31.432Z"}
debug: readdir: C:\OSPanel\domains\bitrix.familyTree\local\modules\up.tree\node_modules\@balkangraph\export-service/appdata {"timestamp":"2024-04-12T12:43:31.433Z"}
debug: dir existsSync: ./logs {"timestamp":"2024-04-12T12:43:31.433Z"}
debug: clear {"timestamp":"2024-04-12T12:43:45.861Z"}
debug: readdir: C:\OSPanel\domains\bitrix.familyTree\local\modules\up.tree\node_modules\@balkangraph\export-service/appdata {"timestamp":"2024-04-12T12:43:45.861Z"}
debug: dir existsSync: ./logs {"timestamp":"2024-04-12T12:43:45.861Z"}
debug: req.headers.referer: http://localhost:1337/index.html {"timestamp":"2024-04-12T12:43:45.862Z"}
debug: convert writeFile filenameSvg: C:\OSPanel\domains\bitrix.familyTree\local\modules\up.tree\node_modules\@balkangraph\export-service/appdata/2024-3-12-14-43-45~16b213e0-8d62-4d99-af3d-47e8442fcb93.svg {"timestamp":"2024-04-12T12:43:45.863Z"}
debug: convert success filenameSvg: C:\OSPanel\domains\bitrix.familyTree\local\modules\up.tree\node_modules\@balkangraph\export-service/appdata/2024-3-12-14-43-45~16b213e0-8d62-4d99-af3d-47e8442fcb93.svg {"timestamp":"2024-04-12T12:43:45.865Z"}
info: C:\OSPanel\domains\bitrix.familyTree\local\modules\up.tree\node_modules\@balkangraph\export-service/appdata/2024-3-12-14-43-45~16b213e0-8d62-4d99-af3d-47e8442fcb93.svg file was saved; width: 1185; height: 860; {"timestamp":"2024-04-12T12:43:45.865Z"}
debug: goto start filenameSvgUrl: http://localhost:1337/appdata/2024-3-12-14-43-45~16b213e0-8d62-4d99-af3d-47e8442fcb93.svg {"timestamp":"2024-04-12T12:43:47.135Z"}
debug: clear {"timestamp":"2024-04-12T12:43:47.201Z"}
debug: readdir: C:\OSPanel\domains\bitrix.familyTree\local\modules\up.tree\node_modules\@balkangraph\export-service/appdata {"timestamp":"2024-04-12T12:43:47.202Z"}
debug: dir existsSync: ./logs {"timestamp":"2024-04-12T12:43:47.202Z"}
debug: readdir filename: C:\OSPanel\domains\bitrix.familyTree\local\modules\up.tree\node_modules\@balkangraph\export-service/appdata/2024-3-12-14-43-45~16b213e0-8d62-4d99-af3d-47e8442fcb93.svg {"timestamp":"2024-04-12T12:43:47.203Z"}
debug: file C:\OSPanel\domains\bitrix.familyTree\local\modules\up.tree\node_modules\@balkangraph\export-service/appdata/2024-3-12-14-43-45~16b213e0-8d62-4d99-af3d-47e8442fcb93.svg is less then one hour old and will not be deleted! {"timestamp":"2024-04-12T12:43:47.204Z"}
debug: goto end filenameSvgUrl: http://localhost:1337/appdata/2024-3-12-14-43-45~16b213e0-8d62-4d99-af3d-47e8442fcb93.svg {"timestamp":"2024-04-12T12:43:51.965Z"}
debug: goto pdf page.screenshot start filenameConverted: C:\OSPanel\domains\bitrix.familyTree\local\modules\up.tree\node_modules\@balkangraph\export-service/appdata/2024-3-12-14-43-45~16b213e0-8d62-4d99-af3d-47e8442fcb93.pdf {"timestamp":"2024-04-12T12:43:51.965Z"}
debug: goto pdf page.screenshot end filenameConverted: C:\OSPanel\domains\bitrix.familyTree\local\modules\up.tree\node_modules\@balkangraph\export-service/appdata/2024-3-12-14-43-45~16b213e0-8d62-4d99-af3d-47e8442fcb93.pdf {"timestamp":"2024-04-12T12:43:52.068Z"}
debug: browser.close(); start filenameConverted: C:\OSPanel\domains\bitrix.familyTree\local\modules\up.tree\node_modules\@balkangraph\export-service/appdata/2024-3-12-14-43-45~16b213e0-8d62-4d99-af3d-47e8442fcb93.pdf {"timestamp":"2024-04-12T12:43:52.068Z"}
debug: browser.close(); end filenameConverted: C:\OSPanel\domains\bitrix.familyTree\local\modules\up.tree\node_modules\@balkangraph\export-service/appdata/2024-3-12-14-43-45~16b213e0-8d62-4d99-af3d-47e8442fcb93.pdf {"timestamp":"2024-04-12T12:43:52.124Z"}
debug: convert readFile filenameConverted: C:\OSPanel\domains\bitrix.familyTree\local\modules\up.tree\node_modules\@balkangraph\export-service/appdata/2024-3-12-14-43-45~16b213e0-8d62-4d99-af3d-47e8442fcb93.pdf {"timestamp":"2024-04-12T12:43:52.125Z"}
debug: convert success readFile filenameConverted: C:\OSPanel\domains\bitrix.familyTree\local\modules\up.tree\node_modules\@balkangraph\export-service/appdata/2024-3-12-14-43-45~16b213e0-8d62-4d99-af3d-47e8442fcb93.pdf {"timestamp":"2024-04-12T12:43:52.126Z"}
info: C:\OSPanel\domains\bitrix.familyTree\local\modules\up.tree\node_modules\@balkangraph\export-service/appdata/2024-3-12-14-43-45~16b213e0-8d62-4d99-af3d-47e8442fcb93.pdf file was converted; {"timestamp":"2024-04-12T12:43:52.127Z"}
debug: convert success readFile filenameConverted: C:\OSPanel\domains\bitrix.familyTree\local\modules\up.tree\node_modules\@balkangraph\export-service/appdata/2024-3-12-14-43-45~16b213e0-8d62-4d99-af3d-47e8442fcb93.pdf end {"timestamp":"2024-04-12T12:43:52.128Z"}
debug: clear {"timestamp":"2024-04-12T12:44:52.695Z"}
debug: readdir: C:\OSPanel\domains\bitrix.familyTree\local\modules\up.tree\node_modules\@balkangraph\export-service/appdata {"timestamp":"2024-04-12T12:44:52.696Z"}
debug: dir existsSync: ./logs {"timestamp":"2024-04-12T12:44:52.696Z"}
debug: readdir filename: C:\OSPanel\domains\bitrix.familyTree\local\modules\up.tree\node_modules\@balkangraph\export-service/appdata/2024-3-12-14-43-45~16b213e0-8d62-4d99-af3d-47e8442fcb93.pdf {"timestamp":"2024-04-12T12:44:52.697Z"}
debug: file C:\OSPanel\domains\bitrix.familyTree\local\modules\up.tree\node_modules\@balkangraph\export-service/appdata/2024-3-12-14-43-45~16b213e0-8d62-4d99-af3d-47e8442fcb93.pdf is less then one hour old and will not be deleted! {"timestamp":"2024-04-12T12:44:52.697Z"}
debug: readdir filename: C:\OSPanel\domains\bitrix.familyTree\local\modules\up.tree\node_modules\@balkangraph\export-service/appdata/2024-3-12-14-43-45~16b213e0-8d62-4d99-af3d-47e8442fcb93.svg {"timestamp":"2024-04-12T12:44:52.697Z"}
debug: file C:\OSPanel\domains\bitrix.familyTree\local\modules\up.tree\node_modules\@balkangraph\export-service/appdata/2024-3-12-14-43-45~16b213e0-8d62-4d99-af3d-47e8442fcb93.svg is less then one hour old and will not be deleted! {"timestamp":"2024-04-12T12:44:52.697Z"}
debug: clear {"timestamp":"2024-04-12T12:44:52.722Z"}
debug: readdir: C:\OSPanel\domains\bitrix.familyTree\local\modules\up.tree\node_modules\@balkangraph\export-service/appdata {"timestamp":"2024-04-12T12:44:52.722Z"}
debug: dir existsSync: ./logs {"timestamp":"2024-04-12T12:44:52.722Z"}
debug: readdir filename: C:\OSPanel\domains\bitrix.familyTree\local\modules\up.tree\node_modules\@balkangraph\export-service/appdata/2024-3-12-14-43-45~16b213e0-8d62-4d99-af3d-47e8442fcb93.pdf {"timestamp":"2024-04-12T12:44:52.723Z"}
debug: file C:\OSPanel\domains\bitrix.familyTree\local\modules\up.tree\node_modules\@balkangraph\export-service/appdata/2024-3-12-14-43-45~16b213e0-8d62-4d99-af3d-47e8442fcb93.pdf is less then one hour old and will not be deleted! {"timestamp":"2024-04-12T12:44:52.723Z"}
debug: readdir filename: C:\OSPanel\domains\bitrix.familyTree\local\modules\up.tree\node_modules\@balkangraph\export-service/appdata/2024-3-12-14-43-45~16b213e0-8d62-4d99-af3d-47e8442fcb93.svg {"timestamp":"2024-04-12T12:44:52.724Z"}
debug: file C:\OSPanel\domains\bitrix.familyTree\local\modules\up.tree\node_modules\@balkangraph\export-service/appdata/2024-3-12-14-43-45~16b213e0-8d62-4d99-af3d-47e8442fcb93.svg is less then one hour old and will not be deleted! {"timestamp":"2024-04-12T12:44:52.725Z"}
debug: clear {"timestamp":"2024-04-12T12:45:49.638Z"}
debug: readdir: C:\OSPanel\domains\bitrix.familyTree\local\modules\up.tree\node_modules\@balkangraph\export-service/appdata {"timestamp":"2024-04-12T12:45:49.638Z"}
debug: dir existsSync: ./logs {"timestamp":"2024-04-12T12:45:49.638Z"}
debug: readdir filename: C:\OSPanel\domains\bitrix.familyTree\local\modules\up.tree\node_modules\@balkangraph\export-service/appdata/2024-3-12-14-43-45~16b213e0-8d62-4d99-af3d-47e8442fcb93.pdf {"timestamp":"2024-04-12T12:45:49.639Z"}
debug: file C:\OSPanel\domains\bitrix.familyTree\local\modules\up.tree\node_modules\@balkangraph\export-service/appdata/2024-3-12-14-43-45~16b213e0-8d62-4d99-af3d-47e8442fcb93.pdf is less then one hour old and will not be deleted! {"timestamp":"2024-04-12T12:45:49.639Z"}
debug: readdir filename: C:\OSPanel\domains\bitrix.familyTree\local\modules\up.tree\node_modules\@balkangraph\export-service/appdata/2024-3-12-14-43-45~16b213e0-8d62-4d99-af3d-47e8442fcb93.svg {"timestamp":"2024-04-12T12:45:49.639Z"}
debug: file C:\OSPanel\domains\bitrix.familyTree\local\modules\up.tree\node_modules\@balkangraph\export-service/appdata/2024-3-12-14-43-45~16b213e0-8d62-4d99-af3d-47e8442fcb93.svg is less then one hour old and will not be deleted! {"timestamp":"2024-04-12T12:45:49.639Z"}
debug: clear {"timestamp":"2024-04-12T12:45:49.662Z"}
debug: readdir: C:\OSPanel\domains\bitrix.familyTree\local\modules\up.tree\node_modules\@balkangraph\export-service/appdata {"timestamp":"2024-04-12T12:45:49.663Z"}
debug: dir existsSync: ./logs {"timestamp":"2024-04-12T12:45:49.663Z"}
debug: readdir filename: C:\OSPanel\domains\bitrix.familyTree\local\modules\up.tree\node_modules\@balkangraph\export-service/appdata/2024-3-12-14-43-45~16b213e0-8d62-4d99-af3d-47e8442fcb93.pdf {"timestamp":"2024-04-12T12:45:49.664Z"}
debug: file C:\OSPanel\domains\bitrix.familyTree\local\modules\up.tree\node_modules\@balkangraph\export-service/appdata/2024-3-12-14-43-45~16b213e0-8d62-4d99-af3d-47e8442fcb93.pdf is less then one hour old and will not be deleted! {"timestamp":"2024-04-12T12:45:49.664Z"}
debug: readdir filename: C:\OSPanel\domains\bitrix.familyTree\local\modules\up.tree\node_modules\@balkangraph\export-service/appdata/2024-3-12-14-43-45~16b213e0-8d62-4d99-af3d-47e8442fcb93.svg {"timestamp":"2024-04-12T12:45:49.664Z"}
debug: file C:\OSPanel\domains\bitrix.familyTree\local\modules\up.tree\node_modules\@balkangraph\export-service/appdata/2024-3-12-14-43-45~16b213e0-8d62-4d99-af3d-47e8442fcb93.svg is less then one hour old and will not be deleted! {"timestamp":"2024-04-12T12:45:49.664Z"}
debug: clear {"timestamp":"2024-04-12T12:46:32.414Z"}
debug: readdir: C:\OSPanel\domains\bitrix.familyTree\local\modules\up.tree\node_modules\@balkangraph\export-service/appdata {"timestamp":"2024-04-12T12:46:32.414Z"}
debug: dir existsSync: ./logs {"timestamp":"2024-04-12T12:46:32.415Z"}
debug: readdir filename: C:\OSPanel\domains\bitrix.familyTree\local\modules\up.tree\node_modules\@balkangraph\export-service/appdata/2024-3-12-14-43-45~16b213e0-8d62-4d99-af3d-47e8442fcb93.pdf {"timestamp":"2024-04-12T12:46:32.415Z"}
debug: file C:\OSPanel\domains\bitrix.familyTree\local\modules\up.tree\node_modules\@balkangraph\export-service/appdata/2024-3-12-14-43-45~16b213e0-8d62-4d99-af3d-47e8442fcb93.pdf is less then one hour old and will not be deleted! {"timestamp":"2024-04-12T12:46:32.416Z"}
debug: readdir filename: C:\OSPanel\domains\bitrix.familyTree\local\modules\up.tree\node_modules\@balkangraph\export-service/appdata/2024-3-12-14-43-45~16b213e0-8d62-4d99-af3d-47e8442fcb93.svg {"timestamp":"2024-04-12T12:46:32.416Z"}
debug: file C:\OSPanel\domains\bitrix.familyTree\local\modules\up.tree\node_modules\@balkangraph\export-service/appdata/2024-3-12-14-43-45~16b213e0-8d62-4d99-af3d-47e8442fcb93.svg is less then one hour old and will not be deleted! {"timestamp":"2024-04-12T12:46:32.416Z"}
debug: clear {"timestamp":"2024-04-12T12:46:32.522Z"}
debug: readdir: C:\OSPanel\domains\bitrix.familyTree\local\modules\up.tree\node_modules\@balkangraph\export-service/appdata {"timestamp":"2024-04-12T12:46:32.523Z"}
debug: dir existsSync: ./logs {"timestamp":"2024-04-12T12:46:32.523Z"}
debug: readdir filename: C:\OSPanel\domains\bitrix.familyTree\local\modules\up.tree\node_modules\@balkangraph\export-service/appdata/2024-3-12-14-43-45~16b213e0-8d62-4d99-af3d-47e8442fcb93.pdf {"timestamp":"2024-04-12T12:46:32.523Z"}
debug: file C:\OSPanel\domains\bitrix.familyTree\local\modules\up.tree\node_modules\@balkangraph\export-service/appdata/2024-3-12-14-43-45~16b213e0-8d62-4d99-af3d-47e8442fcb93.pdf is less then one hour old and will not be deleted! {"timestamp":"2024-04-12T12:46:32.523Z"}
debug: readdir filename: C:\OSPanel\domains\bitrix.familyTree\local\modules\up.tree\node_modules\@balkangraph\export-service/appdata/2024-3-12-14-43-45~16b213e0-8d62-4d99-af3d-47e8442fcb93.svg {"timestamp":"2024-04-12T12:46:32.523Z"}
debug: file C:\OSPanel\domains\bitrix.familyTree\local\modules\up.tree\node_modules\@balkangraph\export-service/appdata/2024-3-12-14-43-45~16b213e0-8d62-4d99-af3d-47e8442fcb93.svg is less then one hour old and will not be deleted! {"timestamp":"2024-04-12T12:46:32.524Z"}
debug: clear {"timestamp":"2024-04-12T12:48:11.625Z"}
debug: readdir: C:\OSPanel\domains\bitrix.familyTree\local\modules\up.tree\node_modules\@balkangraph\export-service/appdata {"timestamp":"2024-04-12T12:48:11.626Z"}
debug: dir existsSync: ./logs {"timestamp":"2024-04-12T12:48:11.626Z"}
debug: readdir filename: C:\OSPanel\domains\bitrix.familyTree\local\modules\up.tree\node_modules\@balkangraph\export-service/appdata/2024-3-12-14-43-45~16b213e0-8d62-4d99-af3d-47e8442fcb93.pdf {"timestamp":"2024-04-12T12:48:11.627Z"}
debug: file C:\OSPanel\domains\bitrix.familyTree\local\modules\up.tree\node_modules\@balkangraph\export-service/appdata/2024-3-12-14-43-45~16b213e0-8d62-4d99-af3d-47e8442fcb93.pdf is less then one hour old and will not be deleted! {"timestamp":"2024-04-12T12:48:11.627Z"}
debug: readdir filename: C:\OSPanel\domains\bitrix.familyTree\local\modules\up.tree\node_modules\@balkangraph\export-service/appdata/2024-3-12-14-43-45~16b213e0-8d62-4d99-af3d-47e8442fcb93.svg {"timestamp":"2024-04-12T12:48:11.627Z"}
debug: file C:\OSPanel\domains\bitrix.familyTree\local\modules\up.tree\node_modules\@balkangraph\export-service/appdata/2024-3-12-14-43-45~16b213e0-8d62-4d99-af3d-47e8442fcb93.svg is less then one hour old and will not be deleted! {"timestamp":"2024-04-12T12:48:11.627Z"}
debug: clear {"timestamp":"2024-04-12T12:48:11.656Z"}
debug: readdir: C:\OSPanel\domains\bitrix.familyTree\local\modules\up.tree\node_modules\@balkangraph\export-service/appdata {"timestamp":"2024-04-12T12:48:11.656Z"}
debug: dir existsSync: ./logs {"timestamp":"2024-04-12T12:48:11.656Z"}
debug: readdir filename: C:\OSPanel\domains\bitrix.familyTree\local\modules\up.tree\node_modules\@balkangraph\export-service/appdata/2024-3-12-14-43-45~16b213e0-8d62-4d99-af3d-47e8442fcb93.pdf {"timestamp":"2024-04-12T12:48:11.657Z"}
debug: file C:\OSPanel\domains\bitrix.familyTree\local\modules\up.tree\node_modules\@balkangraph\export-service/appdata/2024-3-12-14-43-45~16b213e0-8d62-4d99-af3d-47e8442fcb93.pdf is less then one hour old and will not be deleted! {"timestamp":"2024-04-12T12:48:11.657Z"}
debug: readdir filename: C:\OSPanel\domains\bitrix.familyTree\local\modules\up.tree\node_modules\@balkangraph\export-service/appdata/2024-3-12-14-43-45~16b213e0-8d62-4d99-af3d-47e8442fcb93.svg {"timestamp":"2024-04-12T12:48:11.657Z"}
debug: file C:\OSPanel\domains\bitrix.familyTree\local\modules\up.tree\node_modules\@balkangraph\export-service/appdata/2024-3-12-14-43-45~16b213e0-8d62-4d99-af3d-47e8442fcb93.svg is less then one hour old and will not be deleted! {"timestamp":"2024-04-12T12:48:11.657Z"}
debug: clear {"timestamp":"2024-04-12T12:48:35.833Z"}
debug: readdir: C:\OSPanel\domains\bitrix.familyTree\local\modules\up.tree\node_modules\@balkangraph\export-service/appdata {"timestamp":"2024-04-12T12:48:35.833Z"}
debug: dir existsSync: ./logs {"timestamp":"2024-04-12T12:48:35.834Z"}
debug: req.headers.referer: http://127.0.0.1:1337/index.html {"timestamp":"2024-04-12T12:48:35.834Z"}
debug: convert writeFile filenameSvg: C:\OSPanel\domains\bitrix.familyTree\local\modules\up.tree\node_modules\@balkangraph\export-service/appdata/2024-3-12-14-48-35~b5b96e8c-8d82-4267-98d6-7914530de67b.svg {"timestamp":"2024-04-12T12:48:35.834Z"}
debug: readdir filename: C:\OSPanel\domains\bitrix.familyTree\local\modules\up.tree\node_modules\@balkangraph\export-service/appdata/2024-3-12-14-43-45~16b213e0-8d62-4d99-af3d-47e8442fcb93.pdf {"timestamp":"2024-04-12T12:48:35.834Z"}
debug: file C:\OSPanel\domains\bitrix.familyTree\local\modules\up.tree\node_modules\@balkangraph\export-service/appdata/2024-3-12-14-43-45~16b213e0-8d62-4d99-af3d-47e8442fcb93.pdf is less then one hour old and will not be deleted! {"timestamp":"2024-04-12T12:48:35.834Z"}
debug: readdir filename: C:\OSPanel\domains\bitrix.familyTree\local\modules\up.tree\node_modules\@balkangraph\export-service/appdata/2024-3-12-14-43-45~16b213e0-8d62-4d99-af3d-47e8442fcb93.svg {"timestamp":"2024-04-12T12:48:35.834Z"}
debug: file C:\OSPanel\domains\bitrix.familyTree\local\modules\up.tree\node_modules\@balkangraph\export-service/appdata/2024-3-12-14-43-45~16b213e0-8d62-4d99-af3d-47e8442fcb93.svg is less then one hour old and will not be deleted! {"timestamp":"2024-04-12T12:48:35.834Z"}
debug: convert success filenameSvg: C:\OSPanel\domains\bitrix.familyTree\local\modules\up.tree\node_modules\@balkangraph\export-service/appdata/2024-3-12-14-48-35~b5b96e8c-8d82-4267-98d6-7914530de67b.svg {"timestamp":"2024-04-12T12:48:35.835Z"}
info: C:\OSPanel\domains\bitrix.familyTree\local\modules\up.tree\node_modules\@balkangraph\export-service/appdata/2024-3-12-14-48-35~b5b96e8c-8d82-4267-98d6-7914530de67b.svg file was saved; width: 1185; height: 860; {"timestamp":"2024-04-12T12:48:35.835Z"}
debug: goto start filenameSvgUrl: http://127.0.0.1:1337/appdata/2024-3-12-14-48-35~b5b96e8c-8d82-4267-98d6-7914530de67b.svg {"timestamp":"2024-04-12T12:48:36.100Z"}
debug: clear {"timestamp":"2024-04-12T12:48:36.153Z"}
debug: readdir: C:\OSPanel\domains\bitrix.familyTree\local\modules\up.tree\node_modules\@balkangraph\export-service/appdata {"timestamp":"2024-04-12T12:48:36.154Z"}
debug: dir existsSync: ./logs {"timestamp":"2024-04-12T12:48:36.154Z"}
debug: readdir filename: C:\OSPanel\domains\bitrix.familyTree\local\modules\up.tree\node_modules\@balkangraph\export-service/appdata/2024-3-12-14-43-45~16b213e0-8d62-4d99-af3d-47e8442fcb93.pdf {"timestamp":"2024-04-12T12:48:36.155Z"}
debug: file C:\OSPanel\domains\bitrix.familyTree\local\modules\up.tree\node_modules\@balkangraph\export-service/appdata/2024-3-12-14-43-45~16b213e0-8d62-4d99-af3d-47e8442fcb93.pdf is less then one hour old and will not be deleted! {"timestamp":"2024-04-12T12:48:36.155Z"}
debug: readdir filename: C:\OSPanel\domains\bitrix.familyTree\local\modules\up.tree\node_modules\@balkangraph\export-service/appdata/2024-3-12-14-43-45~16b213e0-8d62-4d99-af3d-47e8442fcb93.svg {"timestamp":"2024-04-12T12:48:36.155Z"}
debug: file C:\OSPanel\domains\bitrix.familyTree\local\modules\up.tree\node_modules\@balkangraph\export-service/appdata/2024-3-12-14-43-45~16b213e0-8d62-4d99-af3d-47e8442fcb93.svg is less then one hour old and will not be deleted! {"timestamp":"2024-04-12T12:48:36.155Z"}
debug: readdir filename: C:\OSPanel\domains\bitrix.familyTree\local\modules\up.tree\node_modules\@balkangraph\export-service/appdata/2024-3-12-14-48-35~b5b96e8c-8d82-4267-98d6-7914530de67b.svg {"timestamp":"2024-04-12T12:48:36.155Z"}
debug: file C:\OSPanel\domains\bitrix.familyTree\local\modules\up.tree\node_modules\@balkangraph\export-service/appdata/2024-3-12-14-48-35~b5b96e8c-8d82-4267-98d6-7914530de67b.svg is less then one hour old and will not be deleted! {"timestamp":"2024-04-12T12:48:36.155Z"}
debug: goto end filenameSvgUrl: http://127.0.0.1:1337/appdata/2024-3-12-14-48-35~b5b96e8c-8d82-4267-98d6-7914530de67b.svg {"timestamp":"2024-04-12T12:48:38.083Z"}
debug: goto png page.screenshot start filenameConverted: C:\OSPanel\domains\bitrix.familyTree\local\modules\up.tree\node_modules\@balkangraph\export-service/appdata/2024-3-12-14-48-35~b5b96e8c-8d82-4267-98d6-7914530de67b.png {"timestamp":"2024-04-12T12:48:38.083Z"}
debug: goto png page.screenshot end filenameConverted: C:\OSPanel\domains\bitrix.familyTree\local\modules\up.tree\node_modules\@balkangraph\export-service/appdata/2024-3-12-14-48-35~b5b96e8c-8d82-4267-98d6-7914530de67b.png {"timestamp":"2024-04-12T12:48:38.224Z"}
debug: browser.close(); start filenameConverted: C:\OSPanel\domains\bitrix.familyTree\local\modules\up.tree\node_modules\@balkangraph\export-service/appdata/2024-3-12-14-48-35~b5b96e8c-8d82-4267-98d6-7914530de67b.png {"timestamp":"2024-04-12T12:48:38.224Z"}
debug: browser.close(); end filenameConverted: C:\OSPanel\domains\bitrix.familyTree\local\modules\up.tree\node_modules\@balkangraph\export-service/appdata/2024-3-12-14-48-35~b5b96e8c-8d82-4267-98d6-7914530de67b.png {"timestamp":"2024-04-12T12:48:38.263Z"}
debug: convert readFile filenameConverted: C:\OSPanel\domains\bitrix.familyTree\local\modules\up.tree\node_modules\@balkangraph\export-service/appdata/2024-3-12-14-48-35~b5b96e8c-8d82-4267-98d6-7914530de67b.png {"timestamp":"2024-04-12T12:48:38.264Z"}
debug: convert success readFile filenameConverted: C:\OSPanel\domains\bitrix.familyTree\local\modules\up.tree\node_modules\@balkangraph\export-service/appdata/2024-3-12-14-48-35~b5b96e8c-8d82-4267-98d6-7914530de67b.png {"timestamp":"2024-04-12T12:48:38.264Z"}
info: C:\OSPanel\domains\bitrix.familyTree\local\modules\up.tree\node_modules\@balkangraph\export-service/appdata/2024-3-12-14-48-35~b5b96e8c-8d82-4267-98d6-7914530de67b.png file was converted; {"timestamp":"2024-04-12T12:48:38.264Z"}
debug: convert success readFile filenameConverted: C:\OSPanel\domains\bitrix.familyTree\local\modules\up.tree\node_modules\@balkangraph\export-service/appdata/2024-3-12-14-48-35~b5b96e8c-8d82-4267-98d6-7914530de67b.png end {"timestamp":"2024-04-12T12:48:38.265Z"}
debug: clear {"timestamp":"2024-04-12T12:51:32.755Z"}
debug: readdir: C:\OSPanel\domains\bitrix.familyTree\local\modules\up.tree\node_modules\@balkangraph\export-service/appdata {"timestamp":"2024-04-12T12:51:32.756Z"}
debug: dir existsSync: ./logs {"timestamp":"2024-04-12T12:51:32.756Z"}
debug: readdir filename: C:\OSPanel\domains\bitrix.familyTree\local\modules\up.tree\node_modules\@balkangraph\export-service/appdata/2024-3-12-14-43-45~16b213e0-8d62-4d99-af3d-47e8442fcb93.pdf {"timestamp":"2024-04-12T12:51:32.756Z"}
debug: file C:\OSPanel\domains\bitrix.familyTree\local\modules\up.tree\node_modules\@balkangraph\export-service/appdata/2024-3-12-14-43-45~16b213e0-8d62-4d99-af3d-47e8442fcb93.pdf is less then one hour old and will not be deleted! {"timestamp":"2024-04-12T12:51:32.756Z"}
debug: readdir filename: C:\OSPanel\domains\bitrix.familyTree\local\modules\up.tree\node_modules\@balkangraph\export-service/appdata/2024-3-12-14-43-45~16b213e0-8d62-4d99-af3d-47e8442fcb93.svg {"timestamp":"2024-04-12T12:51:32.756Z"}
debug: file C:\OSPanel\domains\bitrix.familyTree\local\modules\up.tree\node_modules\@balkangraph\export-service/appdata/2024-3-12-14-43-45~16b213e0-8d62-4d99-af3d-47e8442fcb93.svg is less then one hour old and will not be deleted! {"timestamp":"2024-04-12T12:51:32.756Z"}
debug: readdir filename: C:\OSPanel\domains\bitrix.familyTree\local\modules\up.tree\node_modules\@balkangraph\export-service/appdata/2024-3-12-14-48-35~b5b96e8c-8d82-4267-98d6-7914530de67b.png {"timestamp":"2024-04-12T12:51:32.756Z"}
debug: file C:\OSPanel\domains\bitrix.familyTree\local\modules\up.tree\node_modules\@balkangraph\export-service/appdata/2024-3-12-14-48-35~b5b96e8c-8d82-4267-98d6-7914530de67b.png is less then one hour old and will not be deleted! {"timestamp":"2024-04-12T12:51:32.756Z"}
debug: readdir filename: C:\OSPanel\domains\bitrix.familyTree\local\modules\up.tree\node_modules\@balkangraph\export-service/appdata/2024-3-12-14-48-35~b5b96e8c-8d82-4267-98d6-7914530de67b.svg {"timestamp":"2024-04-12T12:51:32.756Z"}
debug: file C:\OSPanel\domains\bitrix.familyTree\local\modules\up.tree\node_modules\@balkangraph\export-service/appdata/2024-3-12-14-48-35~b5b96e8c-8d82-4267-98d6-7914530de67b.svg is less then one hour old and will not be deleted! {"timestamp":"2024-04-12T12:51:32.756Z"}
debug: clear {"timestamp":"2024-04-12T12:52:23.446Z"}
debug: readdir: C:\OSPanel\domains\bitrix.familyTree\local\modules\up.tree\node_modules\@balkangraph\export-service/appdata {"timestamp":"2024-04-12T12:52:23.446Z"}
debug: dir existsSync: ./logs {"timestamp":"2024-04-12T12:52:23.446Z"}
debug: readdir filename: C:\OSPanel\domains\bitrix.familyTree\local\modules\up.tree\node_modules\@balkangraph\export-service/appdata/2024-3-12-14-43-45~16b213e0-8d62-4d99-af3d-47e8442fcb93.pdf {"timestamp":"2024-04-12T12:52:23.446Z"}
debug: file C:\OSPanel\domains\bitrix.familyTree\local\modules\up.tree\node_modules\@balkangraph\export-service/appdata/2024-3-12-14-43-45~16b213e0-8d62-4d99-af3d-47e8442fcb93.pdf is less then one hour old and will not be deleted! {"timestamp":"2024-04-12T12:52:23.446Z"}
debug: readdir filename: C:\OSPanel\domains\bitrix.familyTree\local\modules\up.tree\node_modules\@balkangraph\export-service/appdata/2024-3-12-14-43-45~16b213e0-8d62-4d99-af3d-47e8442fcb93.svg {"timestamp":"2024-04-12T12:52:23.446Z"}
debug: file C:\OSPanel\domains\bitrix.familyTree\local\modules\up.tree\node_modules\@balkangraph\export-service/appdata/2024-3-12-14-43-45~16b213e0-8d62-4d99-af3d-47e8442fcb93.svg is less then one hour old and will not be deleted! {"timestamp":"2024-04-12T12:52:23.446Z"}
debug: readdir filename: C:\OSPanel\domains\bitrix.familyTree\local\modules\up.tree\node_modules\@balkangraph\export-service/appdata/2024-3-12-14-48-35~b5b96e8c-8d82-4267-98d6-7914530de67b.png {"timestamp":"2024-04-12T12:52:23.446Z"}
debug: file C:\OSPanel\domains\bitrix.familyTree\local\modules\up.tree\node_modules\@balkangraph\export-service/appdata/2024-3-12-14-48-35~b5b96e8c-8d82-4267-98d6-7914530de67b.png is less then one hour old and will not be deleted! {"timestamp":"2024-04-12T12:52:23.446Z"}
debug: readdir filename: C:\OSPanel\domains\bitrix.familyTree\local\modules\up.tree\node_modules\@balkangraph\export-service/appdata/2024-3-12-14-48-35~b5b96e8c-8d82-4267-98d6-7914530de67b.svg {"timestamp":"2024-04-12T12:52:23.446Z"}
debug: file C:\OSPanel\domains\bitrix.familyTree\local\modules\up.tree\node_modules\@balkangraph\export-service/appdata/2024-3-12-14-48-35~b5b96e8c-8d82-4267-98d6-7914530de67b.svg is less then one hour old and will not be deleted! {"timestamp":"2024-04-12T12:52:23.447Z"}
debug: clear {"timestamp":"2024-04-12T12:52:23.473Z"}
debug: readdir: C:\OSPanel\domains\bitrix.familyTree\local\modules\up.tree\node_modules\@balkangraph\export-service/appdata {"timestamp":"2024-04-12T12:52:23.473Z"}
debug: dir existsSync: ./logs {"timestamp":"2024-04-12T12:52:23.473Z"}
debug: readdir filename: C:\OSPanel\domains\bitrix.familyTree\local\modules\up.tree\node_modules\@balkangraph\export-service/appdata/2024-3-12-14-43-45~16b213e0-8d62-4d99-af3d-47e8442fcb93.pdf {"timestamp":"2024-04-12T12:52:23.474Z"}
debug: file C:\OSPanel\domains\bitrix.familyTree\local\modules\up.tree\node_modules\@balkangraph\export-service/appdata/2024-3-12-14-43-45~16b213e0-8d62-4d99-af3d-47e8442fcb93.pdf is less then one hour old and will not be deleted! {"timestamp":"2024-04-12T12:52:23.474Z"}
debug: readdir filename: C:\OSPanel\domains\bitrix.familyTree\local\modules\up.tree\node_modules\@balkangraph\export-service/appdata/2024-3-12-14-43-45~16b213e0-8d62-4d99-af3d-47e8442fcb93.svg {"timestamp":"2024-04-12T12:52:23.474Z"}
debug: file C:\OSPanel\domains\bitrix.familyTree\local\modules\up.tree\node_modules\@balkangraph\export-service/appdata/2024-3-12-14-43-45~16b213e0-8d62-4d99-af3d-47e8442fcb93.svg is less then one hour old and will not be deleted! {"timestamp":"2024-04-12T12:52:23.474Z"}
debug: readdir filename: C:\OSPanel\domains\bitrix.familyTree\local\modules\up.tree\node_modules\@balkangraph\export-service/appdata/2024-3-12-14-48-35~b5b96e8c-8d82-4267-98d6-7914530de67b.png {"timestamp":"2024-04-12T12:52:23.474Z"}
debug: file C:\OSPanel\domains\bitrix.familyTree\local\modules\up.tree\node_modules\@balkangraph\export-service/appdata/2024-3-12-14-48-35~b5b96e8c-8d82-4267-98d6-7914530de67b.png is less then one hour old and will not be deleted! {"timestamp":"2024-04-12T12:52:23.474Z"}
debug: readdir filename: C:\OSPanel\domains\bitrix.familyTree\local\modules\up.tree\node_modules\@balkangraph\export-service/appdata/2024-3-12-14-48-35~b5b96e8c-8d82-4267-98d6-7914530de67b.svg {"timestamp":"2024-04-12T12:52:23.474Z"}
debug: file C:\OSPanel\domains\bitrix.familyTree\local\modules\up.tree\node_modules\@balkangraph\export-service/appdata/2024-3-12-14-48-35~b5b96e8c-8d82-4267-98d6-7914530de67b.svg is less then one hour old and will not be deleted! {"timestamp":"2024-04-12T12:52:23.474Z"}
debug: clear {"timestamp":"2024-04-12T13:13:47.819Z"}
debug: readdir: C:\OSPanel\domains\bitrix.familyTree\local\modules\up.tree\node_modules\@balkangraph\export-service/appdata {"timestamp":"2024-04-12T13:13:47.825Z"}
debug: dir existsSync: ./logs {"timestamp":"2024-04-12T13:13:47.826Z"}
debug: readdir filename: C:\OSPanel\domains\bitrix.familyTree\local\modules\up.tree\node_modules\@balkangraph\export-service/appdata/2024-3-12-14-43-45~16b213e0-8d62-4d99-af3d-47e8442fcb93.pdf {"timestamp":"2024-04-12T13:13:47.828Z"}
debug: file C:\OSPanel\domains\bitrix.familyTree\local\modules\up.tree\node_modules\@balkangraph\export-service/appdata/2024-3-12-14-43-45~16b213e0-8d62-4d99-af3d-47e8442fcb93.pdf is less then one hour old and will not be deleted! {"timestamp":"2024-04-12T13:13:47.829Z"}
debug: readdir filename: C:\OSPanel\domains\bitrix.familyTree\local\modules\up.tree\node_modules\@balkangraph\export-service/appdata/2024-3-12-14-43-45~16b213e0-8d62-4d99-af3d-47e8442fcb93.svg {"timestamp":"2024-04-12T13:13:47.829Z"}
debug: file C:\OSPanel\domains\bitrix.familyTree\local\modules\up.tree\node_modules\@balkangraph\export-service/appdata/2024-3-12-14-43-45~16b213e0-8d62-4d99-af3d-47e8442fcb93.svg is less then one hour old and will not be deleted! {"timestamp":"2024-04-12T13:13:47.829Z"}
debug: readdir filename: C:\OSPanel\domains\bitrix.familyTree\local\modules\up.tree\node_modules\@balkangraph\export-service/appdata/2024-3-12-14-48-35~b5b96e8c-8d82-4267-98d6-7914530de67b.png {"timestamp":"2024-04-12T13:13:47.829Z"}
debug: file C:\OSPanel\domains\bitrix.familyTree\local\modules\up.tree\node_modules\@balkangraph\export-service/appdata/2024-3-12-14-48-35~b5b96e8c-8d82-4267-98d6-7914530de67b.png is less then one hour old and will not be deleted! {"timestamp":"2024-04-12T13:13:47.829Z"}
debug: readdir filename: C:\OSPanel\domains\bitrix.familyTree\local\modules\up.tree\node_modules\@balkangraph\export-service/appdata/2024-3-12-14-48-35~b5b96e8c-8d82-4267-98d6-7914530de67b.svg {"timestamp":"2024-04-12T13:13:47.829Z"}
debug: file C:\OSPanel\domains\bitrix.familyTree\local\modules\up.tree\node_modules\@balkangraph\export-service/appdata/2024-3-12-14-48-35~b5b96e8c-8d82-4267-98d6-7914530de67b.svg is less then one hour old and will not be deleted! {"timestamp":"2024-04-12T13:13:47.829Z"}
debug: clear {"timestamp":"2024-04-12T13:16:06.601Z"}
debug: readdir: C:\OSPanel\domains\bitrix.familyTree\local\modules\up.tree\node_modules\@balkangraph\export-service/appdata {"timestamp":"2024-04-12T13:16:06.602Z"}
debug: dir existsSync: ./logs {"timestamp":"2024-04-12T13:16:06.602Z"}
debug: readdir filename: C:\OSPanel\domains\bitrix.familyTree\local\modules\up.tree\node_modules\@balkangraph\export-service/appdata/2024-3-12-14-43-45~16b213e0-8d62-4d99-af3d-47e8442fcb93.pdf {"timestamp":"2024-04-12T13:16:06.603Z"}
debug: file C:\OSPanel\domains\bitrix.familyTree\local\modules\up.tree\node_modules\@balkangraph\export-service/appdata/2024-3-12-14-43-45~16b213e0-8d62-4d99-af3d-47e8442fcb93.pdf is less then one hour old and will not be deleted! {"timestamp":"2024-04-12T13:16:06.603Z"}
debug: readdir filename: C:\OSPanel\domains\bitrix.familyTree\local\modules\up.tree\node_modules\@balkangraph\export-service/appdata/2024-3-12-14-43-45~16b213e0-8d62-4d99-af3d-47e8442fcb93.svg {"timestamp":"2024-04-12T13:16:06.603Z"}
debug: file C:\OSPanel\domains\bitrix.familyTree\local\modules\up.tree\node_modules\@balkangraph\export-service/appdata/2024-3-12-14-43-45~16b213e0-8d62-4d99-af3d-47e8442fcb93.svg is less then one hour old and will not be deleted! {"timestamp":"2024-04-12T13:16:06.603Z"}
debug: readdir filename: C:\OSPanel\domains\bitrix.familyTree\local\modules\up.tree\node_modules\@balkangraph\export-service/appdata/2024-3-12-14-48-35~b5b96e8c-8d82-4267-98d6-7914530de67b.png {"timestamp":"2024-04-12T13:16:06.603Z"}
debug: file C:\OSPanel\domains\bitrix.familyTree\local\modules\up.tree\node_modules\@balkangraph\export-service/appdata/2024-3-12-14-48-35~b5b96e8c-8d82-4267-98d6-7914530de67b.png is less then one hour old and will not be deleted! {"timestamp":"2024-04-12T13:16:06.603Z"}
debug: readdir filename: C:\OSPanel\domains\bitrix.familyTree\local\modules\up.tree\node_modules\@balkangraph\export-service/appdata/2024-3-12-14-48-35~b5b96e8c-8d82-4267-98d6-7914530de67b.svg {"timestamp":"2024-04-12T13:16:06.603Z"}
debug: file C:\OSPanel\domains\bitrix.familyTree\local\modules\up.tree\node_modules\@balkangraph\export-service/appdata/2024-3-12-14-48-35~b5b96e8c-8d82-4267-98d6-7914530de67b.svg is less then one hour old and will not be deleted! {"timestamp":"2024-04-12T13:16:06.603Z"}
debug: clear {"timestamp":"2024-04-12T13:19:47.442Z"}
debug: readdir: C:\OSPanel\domains\bitrix.familyTree\local\modules\up.tree\node_modules\@balkangraph\export-service/appdata {"timestamp":"2024-04-12T13:19:47.444Z"}
debug: dir existsSync: ./logs {"timestamp":"2024-04-12T13:19:47.445Z"}
debug: readdir filename: C:\OSPanel\domains\bitrix.familyTree\local\modules\up.tree\node_modules\@balkangraph\export-service/appdata/2024-3-12-14-43-45~16b213e0-8d62-4d99-af3d-47e8442fcb93.pdf {"timestamp":"2024-04-12T13:19:47.448Z"}
debug: file C:\OSPanel\domains\bitrix.familyTree\local\modules\up.tree\node_modules\@balkangraph\export-service/appdata/2024-3-12-14-43-45~16b213e0-8d62-4d99-af3d-47e8442fcb93.pdf is less then one hour old and will not be deleted! {"timestamp":"2024-04-12T13:19:47.448Z"}
debug: readdir filename: C:\OSPanel\domains\bitrix.familyTree\local\modules\up.tree\node_modules\@balkangraph\export-service/appdata/2024-3-12-14-43-45~16b213e0-8d62-4d99-af3d-47e8442fcb93.svg {"timestamp":"2024-04-12T13:19:47.449Z"}
debug: file C:\OSPanel\domains\bitrix.familyTree\local\modules\up.tree\node_modules\@balkangraph\export-service/appdata/2024-3-12-14-43-45~16b213e0-8d62-4d99-af3d-47e8442fcb93.svg is less then one hour old and will not be deleted! {"timestamp":"2024-04-12T13:19:47.449Z"}
debug: readdir filename: C:\OSPanel\domains\bitrix.familyTree\local\modules\up.tree\node_modules\@balkangraph\export-service/appdata/2024-3-12-14-48-35~b5b96e8c-8d82-4267-98d6-7914530de67b.png {"timestamp":"2024-04-12T13:19:47.449Z"}
debug: file C:\OSPanel\domains\bitrix.familyTree\local\modules\up.tree\node_modules\@balkangraph\export-service/appdata/2024-3-12-14-48-35~b5b96e8c-8d82-4267-98d6-7914530de67b.png is less then one hour old and will not be deleted! {"timestamp":"2024-04-12T13:19:47.449Z"}
debug: readdir filename: C:\OSPanel\domains\bitrix.familyTree\local\modules\up.tree\node_modules\@balkangraph\export-service/appdata/2024-3-12-14-48-35~b5b96e8c-8d82-4267-98d6-7914530de67b.svg {"timestamp":"2024-04-12T13:19:47.449Z"}
debug: file C:\OSPanel\domains\bitrix.familyTree\local\modules\up.tree\node_modules\@balkangraph\export-service/appdata/2024-3-12-14-48-35~b5b96e8c-8d82-4267-98d6-7914530de67b.svg is less then one hour old and will not be deleted! {"timestamp":"2024-04-12T13:19:47.449Z"}
debug: clear {"timestamp":"2024-04-12T13:19:47.487Z"}
debug: readdir: C:\OSPanel\domains\bitrix.familyTree\local\modules\up.tree\node_modules\@balkangraph\export-service/appdata {"timestamp":"2024-04-12T13:19:47.487Z"}
debug: dir existsSync: ./logs {"timestamp":"2024-04-12T13:19:47.488Z"}
debug: readdir filename: C:\OSPanel\domains\bitrix.familyTree\local\modules\up.tree\node_modules\@balkangraph\export-service/appdata/2024-3-12-14-43-45~16b213e0-8d62-4d99-af3d-47e8442fcb93.pdf {"timestamp":"2024-04-12T13:19:47.489Z"}
debug: file C:\OSPanel\domains\bitrix.familyTree\local\modules\up.tree\node_modules\@balkangraph\export-service/appdata/2024-3-12-14-43-45~16b213e0-8d62-4d99-af3d-47e8442fcb93.pdf is less then one hour old and will not be deleted! {"timestamp":"2024-04-12T13:19:47.489Z"}
debug: readdir filename: C:\OSPanel\domains\bitrix.familyTree\local\modules\up.tree\node_modules\@balkangraph\export-service/appdata/2024-3-12-14-43-45~16b213e0-8d62-4d99-af3d-47e8442fcb93.svg {"timestamp":"2024-04-12T13:19:47.489Z"}
debug: file C:\OSPanel\domains\bitrix.familyTree\local\modules\up.tree\node_modules\@balkangraph\export-service/appdata/2024-3-12-14-43-45~16b213e0-8d62-4d99-af3d-47e8442fcb93.svg is less then one hour old and will not be deleted! {"timestamp":"2024-04-12T13:19:47.489Z"}
debug: readdir filename: C:\OSPanel\domains\bitrix.familyTree\local\modules\up.tree\node_modules\@balkangraph\export-service/appdata/2024-3-12-14-48-35~b5b96e8c-8d82-4267-98d6-7914530de67b.png {"timestamp":"2024-04-12T13:19:47.490Z"}
debug: file C:\OSPanel\domains\bitrix.familyTree\local\modules\up.tree\node_modules\@balkangraph\export-service/appdata/2024-3-12-14-48-35~b5b96e8c-8d82-4267-98d6-7914530de67b.png is less then one hour old and will not be deleted! {"timestamp":"2024-04-12T13:19:47.490Z"}
debug: readdir filename: C:\OSPanel\domains\bitrix.familyTree\local\modules\up.tree\node_modules\@balkangraph\export-service/appdata/2024-3-12-14-48-35~b5b96e8c-8d82-4267-98d6-7914530de67b.svg {"timestamp":"2024-04-12T13:19:47.490Z"}
debug: file C:\OSPanel\domains\bitrix.familyTree\local\modules\up.tree\node_modules\@balkangraph\export-service/appdata/2024-3-12-14-48-35~b5b96e8c-8d82-4267-98d6-7914530de67b.svg is less then one hour old and will not be deleted! {"timestamp":"2024-04-12T13:19:47.490Z"}
debug: clear {"timestamp":"2024-04-12T13:21:45.486Z"}
debug: readdir: C:\OSPanel\domains\bitrix.familyTree\local\modules\up.tree\node_modules\@balkangraph\export-service/appdata {"timestamp":"2024-04-12T13:21:45.487Z"}
debug: dir existsSync: ./logs {"timestamp":"2024-04-12T13:21:45.487Z"}
debug: readdir filename: C:\OSPanel\domains\bitrix.familyTree\local\modules\up.tree\node_modules\@balkangraph\export-service/appdata/2024-3-12-14-43-45~16b213e0-8d62-4d99-af3d-47e8442fcb93.pdf {"timestamp":"2024-04-12T13:21:45.488Z"}
debug: file C:\OSPanel\domains\bitrix.familyTree\local\modules\up.tree\node_modules\@balkangraph\export-service/appdata/2024-3-12-14-43-45~16b213e0-8d62-4d99-af3d-47e8442fcb93.pdf is less then one hour old and will not be deleted! {"timestamp":"2024-04-12T13:21:45.488Z"}
debug: readdir filename: C:\OSPanel\domains\bitrix.familyTree\local\modules\up.tree\node_modules\@balkangraph\export-service/appdata/2024-3-12-14-43-45~16b213e0-8d62-4d99-af3d-47e8442fcb93.svg {"timestamp":"2024-04-12T13:21:45.488Z"}
debug: file C:\OSPanel\domains\bitrix.familyTree\local\modules\up.tree\node_modules\@balkangraph\export-service/appdata/2024-3-12-14-43-45~16b213e0-8d62-4d99-af3d-47e8442fcb93.svg is less then one hour old and will not be deleted! {"timestamp":"2024-04-12T13:21:45.488Z"}
debug: readdir filename: C:\OSPanel\domains\bitrix.familyTree\local\modules\up.tree\node_modules\@balkangraph\export-service/appdata/2024-3-12-14-48-35~b5b96e8c-8d82-4267-98d6-7914530de67b.png {"timestamp":"2024-04-12T13:21:45.488Z"}
debug: file C:\OSPanel\domains\bitrix.familyTree\local\modules\up.tree\node_modules\@balkangraph\export-service/appdata/2024-3-12-14-48-35~b5b96e8c-8d82-4267-98d6-7914530de67b.png is less then one hour old and will not be deleted! {"timestamp":"2024-04-12T13:21:45.488Z"}
debug: readdir filename: C:\OSPanel\domains\bitrix.familyTree\local\modules\up.tree\node_modules\@balkangraph\export-service/appdata/2024-3-12-14-48-35~b5b96e8c-8d82-4267-98d6-7914530de67b.svg {"timestamp":"2024-04-12T13:21:45.488Z"}
debug: file C:\OSPanel\domains\bitrix.familyTree\local\modules\up.tree\node_modules\@balkangraph\export-service/appdata/2024-3-12-14-48-35~b5b96e8c-8d82-4267-98d6-7914530de67b.svg is less then one hour old and will not be deleted! {"timestamp":"2024-04-12T13:21:45.488Z"}
debug: clear {"timestamp":"2024-04-12T13:21:45.510Z"}
debug: readdir: C:\OSPanel\domains\bitrix.familyTree\local\modules\up.tree\node_modules\@balkangraph\export-service/appdata {"timestamp":"2024-04-12T13:21:45.511Z"}
debug: dir existsSync: ./logs {"timestamp":"2024-04-12T13:21:45.511Z"}
debug: readdir filename: C:\OSPanel\domains\bitrix.familyTree\local\modules\up.tree\node_modules\@balkangraph\export-service/appdata/2024-3-12-14-43-45~16b213e0-8d62-4d99-af3d-47e8442fcb93.pdf {"timestamp":"2024-04-12T13:21:45.512Z"}
debug: file C:\OSPanel\domains\bitrix.familyTree\local\modules\up.tree\node_modules\@balkangraph\export-service/appdata/2024-3-12-14-43-45~16b213e0-8d62-4d99-af3d-47e8442fcb93.pdf is less then one hour old and will not be deleted! {"timestamp":"2024-04-12T13:21:45.512Z"}
debug: readdir filename: C:\OSPanel\domains\bitrix.familyTree\local\modules\up.tree\node_modules\@balkangraph\export-service/appdata/2024-3-12-14-43-45~16b213e0-8d62-4d99-af3d-47e8442fcb93.svg {"timestamp":"2024-04-12T13:21:45.512Z"}
debug: file C:\OSPanel\domains\bitrix.familyTree\local\modules\up.tree\node_modules\@balkangraph\export-service/appdata/2024-3-12-14-43-45~16b213e0-8d62-4d99-af3d-47e8442fcb93.svg is less then one hour old and will not be deleted! {"timestamp":"2024-04-12T13:21:45.512Z"}
debug: readdir filename: C:\OSPanel\domains\bitrix.familyTree\local\modules\up.tree\node_modules\@balkangraph\export-service/appdata/2024-3-12-14-48-35~b5b96e8c-8d82-4267-98d6-7914530de67b.png {"timestamp":"2024-04-12T13:21:45.512Z"}
debug: file C:\OSPanel\domains\bitrix.familyTree\local\modules\up.tree\node_modules\@balkangraph\export-service/appdata/2024-3-12-14-48-35~b5b96e8c-8d82-4267-98d6-7914530de67b.png is less then one hour old and will not be deleted! {"timestamp":"2024-04-12T13:21:45.512Z"}
debug: readdir filename: C:\OSPanel\domains\bitrix.familyTree\local\modules\up.tree\node_modules\@balkangraph\export-service/appdata/2024-3-12-14-48-35~b5b96e8c-8d82-4267-98d6-7914530de67b.svg {"timestamp":"2024-04-12T13:21:45.512Z"}
debug: file C:\OSPanel\domains\bitrix.familyTree\local\modules\up.tree\node_modules\@balkangraph\export-service/appdata/2024-3-12-14-48-35~b5b96e8c-8d82-4267-98d6-7914530de67b.svg is less then one hour old and will not be deleted! {"timestamp":"2024-04-12T13:21:45.512Z"}
debug: clear {"timestamp":"2024-04-12T13:23:33.150Z"}
debug: readdir: C:\OSPanel\domains\bitrix.familyTree\local\modules\up.tree\node_modules\@balkangraph\export-service/appdata {"timestamp":"2024-04-12T13:23:33.150Z"}
debug: dir existsSync: ./logs {"timestamp":"2024-04-12T13:23:33.150Z"}
debug: readdir filename: C:\OSPanel\domains\bitrix.familyTree\local\modules\up.tree\node_modules\@balkangraph\export-service/appdata/2024-3-12-14-43-45~16b213e0-8d62-4d99-af3d-47e8442fcb93.pdf {"timestamp":"2024-04-12T13:23:33.151Z"}
debug: file C:\OSPanel\domains\bitrix.familyTree\local\modules\up.tree\node_modules\@balkangraph\export-service/appdata/2024-3-12-14-43-45~16b213e0-8d62-4d99-af3d-47e8442fcb93.pdf is less then one hour old and will not be deleted! {"timestamp":"2024-04-12T13:23:33.151Z"}
debug: readdir filename: C:\OSPanel\domains\bitrix.familyTree\local\modules\up.tree\node_modules\@balkangraph\export-service/appdata/2024-3-12-14-43-45~16b213e0-8d62-4d99-af3d-47e8442fcb93.svg {"timestamp":"2024-04-12T13:23:33.151Z"}
debug: file C:\OSPanel\domains\bitrix.familyTree\local\modules\up.tree\node_modules\@balkangraph\export-service/appdata/2024-3-12-14-43-45~16b213e0-8d62-4d99-af3d-47e8442fcb93.svg is less then one hour old and will not be deleted! {"timestamp":"2024-04-12T13:23:33.151Z"}
debug: readdir filename: C:\OSPanel\domains\bitrix.familyTree\local\modules\up.tree\node_modules\@balkangraph\export-service/appdata/2024-3-12-14-48-35~b5b96e8c-8d82-4267-98d6-7914530de67b.png {"timestamp":"2024-04-12T13:23:33.151Z"}
debug: file C:\OSPanel\domains\bitrix.familyTree\local\modules\up.tree\node_modules\@balkangraph\export-service/appdata/2024-3-12-14-48-35~b5b96e8c-8d82-4267-98d6-7914530de67b.png is less then one hour old and will not be deleted! {"timestamp":"2024-04-12T13:23:33.151Z"}
debug: readdir filename: C:\OSPanel\domains\bitrix.familyTree\local\modules\up.tree\node_modules\@balkangraph\export-service/appdata/2024-3-12-14-48-35~b5b96e8c-8d82-4267-98d6-7914530de67b.svg {"timestamp":"2024-04-12T13:23:33.151Z"}
debug: file C:\OSPanel\domains\bitrix.familyTree\local\modules\up.tree\node_modules\@balkangraph\export-service/appdata/2024-3-12-14-48-35~b5b96e8c-8d82-4267-98d6-7914530de67b.svg is less then one hour old and will not be deleted! {"timestamp":"2024-04-12T13:23:33.151Z"}
debug: clear {"timestamp":"2024-04-12T13:23:33.184Z"}
debug: readdir: C:\OSPanel\domains\bitrix.familyTree\local\modules\up.tree\node_modules\@balkangraph\export-service/appdata {"timestamp":"2024-04-12T13:23:33.185Z"}
debug: dir existsSync: ./logs {"timestamp":"2024-04-12T13:23:33.185Z"}
debug: readdir filename: C:\OSPanel\domains\bitrix.familyTree\local\modules\up.tree\node_modules\@balkangraph\export-service/appdata/2024-3-12-14-43-45~16b213e0-8d62-4d99-af3d-47e8442fcb93.pdf {"timestamp":"2024-04-12T13:23:33.185Z"}
debug: file C:\OSPanel\domains\bitrix.familyTree\local\modules\up.tree\node_modules\@balkangraph\export-service/appdata/2024-3-12-14-43-45~16b213e0-8d62-4d99-af3d-47e8442fcb93.pdf is less then one hour old and will not be deleted! {"timestamp":"2024-04-12T13:23:33.185Z"}
debug: readdir filename: C:\OSPanel\domains\bitrix.familyTree\local\modules\up.tree\node_modules\@balkangraph\export-service/appdata/2024-3-12-14-43-45~16b213e0-8d62-4d99-af3d-47e8442fcb93.svg {"timestamp":"2024-04-12T13:23:33.185Z"}
debug: file C:\OSPanel\domains\bitrix.familyTree\local\modules\up.tree\node_modules\@balkangraph\export-service/appdata/2024-3-12-14-43-45~16b213e0-8d62-4d99-af3d-47e8442fcb93.svg is less then one hour old and will not be deleted! {"timestamp":"2024-04-12T13:23:33.185Z"}
debug: readdir filename: C:\OSPanel\domains\bitrix.familyTree\local\modules\up.tree\node_modules\@balkangraph\export-service/appdata/2024-3-12-14-48-35~b5b96e8c-8d82-4267-98d6-7914530de67b.png {"timestamp":"2024-04-12T13:23:33.185Z"}
debug: file C:\OSPanel\domains\bitrix.familyTree\local\modules\up.tree\node_modules\@balkangraph\export-service/appdata/2024-3-12-14-48-35~b5b96e8c-8d82-4267-98d6-7914530de67b.png is less then one hour old and will not be deleted! {"timestamp":"2024-04-12T13:23:33.185Z"}
debug: readdir filename: C:\OSPanel\domains\bitrix.familyTree\local\modules\up.tree\node_modules\@balkangraph\export-service/appdata/2024-3-12-14-48-35~b5b96e8c-8d82-4267-98d6-7914530de67b.svg {"timestamp":"2024-04-12T13:23:33.185Z"}
debug: file C:\OSPanel\domains\bitrix.familyTree\local\modules\up.tree\node_modules\@balkangraph\export-service/appdata/2024-3-12-14-48-35~b5b96e8c-8d82-4267-98d6-7914530de67b.svg is less then one hour old and will not be deleted! {"timestamp":"2024-04-12T13:23:33.185Z"}
debug: clear {"timestamp":"2024-04-12T13:30:43.377Z"}
debug: readdir: C:\OSPanel\domains\bitrix.familyTree\local\modules\up.tree\node_modules\@balkangraph\export-service/appdata {"timestamp":"2024-04-12T13:30:43.378Z"}
debug: dir existsSync: ./logs {"timestamp":"2024-04-12T13:30:43.378Z"}
debug: readdir filename: C:\OSPanel\domains\bitrix.familyTree\local\modules\up.tree\node_modules\@balkangraph\export-service/appdata/2024-3-12-14-43-45~16b213e0-8d62-4d99-af3d-47e8442fcb93.pdf {"timestamp":"2024-04-12T13:30:43.380Z"}
debug: file C:\OSPanel\domains\bitrix.familyTree\local\modules\up.tree\node_modules\@balkangraph\export-service/appdata/2024-3-12-14-43-45~16b213e0-8d62-4d99-af3d-47e8442fcb93.pdf is less then one hour old and will not be deleted! {"timestamp":"2024-04-12T13:30:43.380Z"}
debug: readdir filename: C:\OSPanel\domains\bitrix.familyTree\local\modules\up.tree\node_modules\@balkangraph\export-service/appdata/2024-3-12-14-43-45~16b213e0-8d62-4d99-af3d-47e8442fcb93.svg {"timestamp":"2024-04-12T13:30:43.380Z"}
debug: file C:\OSPanel\domains\bitrix.familyTree\local\modules\up.tree\node_modules\@balkangraph\export-service/appdata/2024-3-12-14-43-45~16b213e0-8d62-4d99-af3d-47e8442fcb93.svg is less then one hour old and will not be deleted! {"timestamp":"2024-04-12T13:30:43.380Z"}
debug: readdir filename: C:\OSPanel\domains\bitrix.familyTree\local\modules\up.tree\node_modules\@balkangraph\export-service/appdata/2024-3-12-14-48-35~b5b96e8c-8d82-4267-98d6-7914530de67b.png {"timestamp":"2024-04-12T13:30:43.380Z"}
debug: file C:\OSPanel\domains\bitrix.familyTree\local\modules\up.tree\node_modules\@balkangraph\export-service/appdata/2024-3-12-14-48-35~b5b96e8c-8d82-4267-98d6-7914530de67b.png is less then one hour old and will not be deleted! {"timestamp":"2024-04-12T13:30:43.381Z"}
debug: readdir filename: C:\OSPanel\domains\bitrix.familyTree\local\modules\up.tree\node_modules\@balkangraph\export-service/appdata/2024-3-12-14-48-35~b5b96e8c-8d82-4267-98d6-7914530de67b.svg {"timestamp":"2024-04-12T13:30:43.381Z"}
debug: file C:\OSPanel\domains\bitrix.familyTree\local\modules\up.tree\node_modules\@balkangraph\export-service/appdata/2024-3-12-14-48-35~b5b96e8c-8d82-4267-98d6-7914530de67b.svg is less then one hour old and will not be deleted! {"timestamp":"2024-04-12T13:30:43.381Z"}
debug: clear {"timestamp":"2024-04-12T13:30:43.412Z"}
debug: readdir: C:\OSPanel\domains\bitrix.familyTree\local\modules\up.tree\node_modules\@balkangraph\export-service/appdata {"timestamp":"2024-04-12T13:30:43.413Z"}
debug: dir existsSync: ./logs {"timestamp":"2024-04-12T13:30:43.413Z"}
debug: readdir filename: C:\OSPanel\domains\bitrix.familyTree\local\modules\up.tree\node_modules\@balkangraph\export-service/appdata/2024-3-12-14-43-45~16b213e0-8d62-4d99-af3d-47e8442fcb93.pdf {"timestamp":"2024-04-12T13:30:43.415Z"}
debug: file C:\OSPanel\domains\bitrix.familyTree\local\modules\up.tree\node_modules\@balkangraph\export-service/appdata/2024-3-12-14-43-45~16b213e0-8d62-4d99-af3d-47e8442fcb93.pdf is less then one hour old and will not be deleted! {"timestamp":"2024-04-12T13:30:43.415Z"}
debug: readdir filename: C:\OSPanel\domains\bitrix.familyTree\local\modules\up.tree\node_modules\@balkangraph\export-service/appdata/2024-3-12-14-43-45~16b213e0-8d62-4d99-af3d-47e8442fcb93.svg {"timestamp":"2024-04-12T13:30:43.415Z"}
debug: file C:\OSPanel\domains\bitrix.familyTree\local\modules\up.tree\node_modules\@balkangraph\export-service/appdata/2024-3-12-14-43-45~16b213e0-8d62-4d99-af3d-47e8442fcb93.svg is less then one hour old and will not be deleted! {"timestamp":"2024-04-12T13:30:43.415Z"}
debug: readdir filename: C:\OSPanel\domains\bitrix.familyTree\local\modules\up.tree\node_modules\@balkangraph\export-service/appdata/2024-3-12-14-48-35~b5b96e8c-8d82-4267-98d6-7914530de67b.png {"timestamp":"2024-04-12T13:30:43.415Z"}
debug: file C:\OSPanel\domains\bitrix.familyTree\local\modules\up.tree\node_modules\@balkangraph\export-service/appdata/2024-3-12-14-48-35~b5b96e8c-8d82-4267-98d6-7914530de67b.png is less then one hour old and will not be deleted! {"timestamp":"2024-04-12T13:30:43.415Z"}
debug: readdir filename: C:\OSPanel\domains\bitrix.familyTree\local\modules\up.tree\node_modules\@balkangraph\export-service/appdata/2024-3-12-14-48-35~b5b96e8c-8d82-4267-98d6-7914530de67b.svg {"timestamp":"2024-04-12T13:30:43.415Z"}
debug: file C:\OSPanel\domains\bitrix.familyTree\local\modules\up.tree\node_modules\@balkangraph\export-service/appdata/2024-3-12-14-48-35~b5b96e8c-8d82-4267-98d6-7914530de67b.svg is less then one hour old and will not be deleted! {"timestamp":"2024-04-12T13:30:43.415Z"}
debug: clear {"timestamp":"2024-04-12T16:43:07.715Z"}
debug: readdir: C:\OSPanel\domains\bitrix.familyTree\local\modules\up.tree\node_modules\@balkangraph\export-service/appdata {"timestamp":"2024-04-12T16:43:07.718Z"}
debug: dir existsSync: ./logs {"timestamp":"2024-04-12T16:43:07.718Z"}
debug: readdir filename: C:\OSPanel\domains\bitrix.familyTree\local\modules\up.tree\node_modules\@balkangraph\export-service/appdata/2024-3-12-14-43-45~16b213e0-8d62-4d99-af3d-47e8442fcb93.pdf {"timestamp":"2024-04-12T16:43:07.720Z"}
debug: readdir filename: C:\OSPanel\domains\bitrix.familyTree\local\modules\up.tree\node_modules\@balkangraph\export-service/appdata/2024-3-12-14-43-45~16b213e0-8d62-4d99-af3d-47e8442fcb93.svg {"timestamp":"2024-04-12T16:43:07.720Z"}
debug: readdir filename: C:\OSPanel\domains\bitrix.familyTree\local\modules\up.tree\node_modules\@balkangraph\export-service/appdata/2024-3-12-14-48-35~b5b96e8c-8d82-4267-98d6-7914530de67b.png {"timestamp":"2024-04-12T16:43:07.720Z"}
debug: readdir filename: C:\OSPanel\domains\bitrix.familyTree\local\modules\up.tree\node_modules\@balkangraph\export-service/appdata/2024-3-12-14-48-35~b5b96e8c-8d82-4267-98d6-7914530de67b.svg {"timestamp":"2024-04-12T16:43:07.721Z"}
info: file C:\OSPanel\domains\bitrix.familyTree\local\modules\up.tree\node_modules\@balkangraph\export-service/appdata/2024-3-12-14-43-45~16b213e0-8d62-4d99-af3d-47e8442fcb93.pdf has been deleted! {"timestamp":"2024-04-12T16:43:07.723Z"}
info: file C:\OSPanel\domains\bitrix.familyTree\local\modules\up.tree\node_modules\@balkangraph\export-service/appdata/2024-3-12-14-43-45~16b213e0-8d62-4d99-af3d-47e8442fcb93.svg has been deleted! {"timestamp":"2024-04-12T16:43:07.729Z"}
info: file C:\OSPanel\domains\bitrix.familyTree\local\modules\up.tree\node_modules\@balkangraph\export-service/appdata/2024-3-12-14-48-35~b5b96e8c-8d82-4267-98d6-7914530de67b.png has been deleted! {"timestamp":"2024-04-12T16:43:07.730Z"}
info: file C:\OSPanel\domains\bitrix.familyTree\local\modules\up.tree\node_modules\@balkangraph\export-service/appdata/2024-3-12-14-48-35~b5b96e8c-8d82-4267-98d6-7914530de67b.svg has been deleted! {"timestamp":"2024-04-12T16:43:07.730Z"}
debug: clear {"timestamp":"2024-04-12T16:43:07.758Z"}
debug: readdir: C:\OSPanel\domains\bitrix.familyTree\local\modules\up.tree\node_modules\@balkangraph\export-service/appdata {"timestamp":"2024-04-12T16:43:07.758Z"}
debug: dir existsSync: ./logs {"timestamp":"2024-04-12T16:43:07.759Z"}
debug: clear {"timestamp":"2024-04-19T12:03:15.347Z"}
debug: readdir: C:\OSPanel\domains\dev.tree\local\modules\up.tree\node_modules\@balkangraph\export-service/appdata {"timestamp":"2024-04-19T12:03:15.360Z"}
debug: dir existsSync: ./logs {"timestamp":"2024-04-19T12:03:15.361Z"}
debug: clear {"timestamp":"2024-04-19T12:03:15.483Z"}
debug: readdir: C:\OSPanel\domains\dev.tree\local\modules\up.tree\node_modules\@balkangraph\export-service/appdata {"timestamp":"2024-04-19T12:03:15.483Z"}
debug: dir existsSync: ./logs {"timestamp":"2024-04-19T12:03:15.483Z"}
debug: clear {"timestamp":"2024-04-19T12:03:45.749Z"}
debug: readdir: C:\OSPanel\domains\dev.tree\local\modules\up.tree\node_modules\@balkangraph\export-service/appdata {"timestamp":"2024-04-19T12:03:45.749Z"}
debug: dir existsSync: ./logs {"timestamp":"2024-04-19T12:03:45.750Z"}
debug: clear {"timestamp":"2024-04-19T12:03:45.784Z"}
debug: readdir: C:\OSPanel\domains\dev.tree\local\modules\up.tree\node_modules\@balkangraph\export-service/appdata {"timestamp":"2024-04-19T12:03:45.784Z"}
debug: dir existsSync: ./logs {"timestamp":"2024-04-19T12:03:45.784Z"}
debug: clear {"timestamp":"2024-04-19T12:08:20.545Z"}
debug: readdir: C:\OSPanel\domains\dev.tree\local\modules\up.tree\node_modules\@balkangraph\export-service/appdata {"timestamp":"2024-04-19T12:08:20.546Z"}
debug: dir existsSync: ./logs {"timestamp":"2024-04-19T12:08:20.546Z"}
debug: clear {"timestamp":"2024-04-19T12:08:20.552Z"}
debug: readdir: C:\OSPanel\domains\dev.tree\local\modules\up.tree\node_modules\@balkangraph\export-service/appdata {"timestamp":"2024-04-19T12:08:20.552Z"}
debug: dir existsSync: ./logs {"timestamp":"2024-04-19T12:08:20.553Z"}
debug: clear {"timestamp":"2024-04-19T12:08:20.569Z"}
debug: readdir: C:\OSPanel\domains\dev.tree\local\modules\up.tree\node_modules\@balkangraph\export-service/appdata {"timestamp":"2024-04-19T12:08:20.569Z"}
debug: dir existsSync: ./logs {"timestamp":"2024-04-19T12:08:20.569Z"}
debug: clear {"timestamp":"2024-04-19T12:08:20.571Z"}
debug: readdir: C:\OSPanel\domains\dev.tree\local\modules\up.tree\node_modules\@balkangraph\export-service/appdata {"timestamp":"2024-04-19T12:08:20.572Z"}
debug: dir existsSync: ./logs {"timestamp":"2024-04-19T12:08:20.572Z"}
debug: clear {"timestamp":"2024-04-19T12:08:20.576Z"}
debug: readdir: C:\OSPanel\domains\dev.tree\local\modules\up.tree\node_modules\@balkangraph\export-service/appdata {"timestamp":"2024-04-19T12:08:20.576Z"}
debug: dir existsSync: ./logs {"timestamp":"2024-04-19T12:08:20.576Z"}
debug: clear {"timestamp":"2024-04-19T12:08:20.584Z"}
debug: readdir: C:\OSPanel\domains\dev.tree\local\modules\up.tree\node_modules\@balkangraph\export-service/appdata {"timestamp":"2024-04-19T12:08:20.584Z"}
debug: dir existsSync: ./logs {"timestamp":"2024-04-19T12:08:20.584Z"}
debug: clear {"timestamp":"2024-04-19T12:08:20.599Z"}
debug: readdir: C:\OSPanel\domains\dev.tree\local\modules\up.tree\node_modules\@balkangraph\export-service/appdata {"timestamp":"2024-04-19T12:08:20.599Z"}
debug: dir existsSync: ./logs {"timestamp":"2024-04-19T12:08:20.599Z"}
debug: clear {"timestamp":"2024-04-19T12:08:20.600Z"}
debug: readdir: C:\OSPanel\domains\dev.tree\local\modules\up.tree\node_modules\@balkangraph\export-service/appdata {"timestamp":"2024-04-19T12:08:20.600Z"}
debug: dir existsSync: ./logs {"timestamp":"2024-04-19T12:08:20.601Z"}
debug: clear {"timestamp":"2024-04-19T12:11:35.528Z"}
debug: readdir: C:\OSPanel\domains\dev.tree\local\modules\up.tree\node_modules\@balkangraph\export-service/appdata {"timestamp":"2024-04-19T12:11:35.528Z"}
debug: dir existsSync: ./logs {"timestamp":"2024-04-19T12:11:35.528Z"}
debug: clear {"timestamp":"2024-04-19T12:11:35.553Z"}
debug: readdir: C:\OSPanel\domains\dev.tree\local\modules\up.tree\node_modules\@balkangraph\export-service/appdata {"timestamp":"2024-04-19T12:11:35.554Z"}
debug: dir existsSync: ./logs {"timestamp":"2024-04-19T12:11:35.554Z"}
debug: clear {"timestamp":"2024-04-19T12:11:35.555Z"}
debug: readdir: C:\OSPanel\domains\dev.tree\local\modules\up.tree\node_modules\@balkangraph\export-service/appdata {"timestamp":"2024-04-19T12:11:35.555Z"}
debug: dir existsSync: ./logs {"timestamp":"2024-04-19T12:11:35.556Z"}
debug: clear {"timestamp":"2024-04-19T18:08:03.533Z"}
debug: readdir: C:\OSPanel\domains\bitrix.familyTree\local\modules\up.tree\node_modules\@balkangraph\export-service/appdata {"timestamp":"2024-04-19T18:08:03.538Z"}
debug: dir existsSync: ./logs {"timestamp":"2024-04-19T18:08:03.539Z"}
debug: clear {"timestamp":"2024-04-19T18:08:03.581Z"}
debug: readdir: C:\OSPanel\domains\bitrix.familyTree\local\modules\up.tree\node_modules\@balkangraph\export-service/appdata {"timestamp":"2024-04-19T18:08:03.582Z"}
debug: dir existsSync: ./logs {"timestamp":"2024-04-19T18:08:03.582Z"}
debug: clear {"timestamp":"2024-04-19T18:08:03.587Z"}
debug: readdir: C:\OSPanel\domains\bitrix.familyTree\local\modules\up.tree\node_modules\@balkangraph\export-service/appdata {"timestamp":"2024-04-19T18:08:03.588Z"}
debug: dir existsSync: ./logs {"timestamp":"2024-04-19T18:08:03.588Z"}
debug: clear {"timestamp":"2024-04-19T18:08:03.590Z"}
debug: readdir: C:\OSPanel\domains\bitrix.familyTree\local\modules\up.tree\node_modules\@balkangraph\export-service/appdata {"timestamp":"2024-04-19T18:08:03.590Z"}
debug: dir existsSync: ./logs {"timestamp":"2024-04-19T18:08:03.590Z"}
debug: clear {"timestamp":"2024-04-19T18:08:03.592Z"}
debug: readdir: C:\OSPanel\domains\bitrix.familyTree\local\modules\up.tree\node_modules\@balkangraph\export-service/appdata {"timestamp":"2024-04-19T18:08:03.593Z"}
debug: dir existsSync: ./logs {"timestamp":"2024-04-19T18:08:03.593Z"}
debug: clear {"timestamp":"2024-04-19T18:08:03.598Z"}
debug: readdir: C:\OSPanel\domains\bitrix.familyTree\local\modules\up.tree\node_modules\@balkangraph\export-service/appdata {"timestamp":"2024-04-19T18:08:03.599Z"}
debug: dir existsSync: ./logs {"timestamp":"2024-04-19T18:08:03.599Z"}
debug: clear {"timestamp":"2024-04-19T18:08:03.613Z"}
debug: readdir: C:\OSPanel\domains\bitrix.familyTree\local\modules\up.tree\node_modules\@balkangraph\export-service/appdata {"timestamp":"2024-04-19T18:08:03.613Z"}
debug: dir existsSync: ./logs {"timestamp":"2024-04-19T18:08:03.613Z"}
debug: clear {"timestamp":"2024-04-19T18:08:03.652Z"}
debug: readdir: C:\OSPanel\domains\bitrix.familyTree\local\modules\up.tree\node_modules\@balkangraph\export-service/appdata {"timestamp":"2024-04-19T18:08:03.652Z"}
debug: dir existsSync: ./logs {"timestamp":"2024-04-19T18:08:03.653Z"}
debug: clear {"timestamp":"2024-04-19T18:08:03.655Z"}
debug: readdir: C:\OSPanel\domains\bitrix.familyTree\local\modules\up.tree\node_modules\@balkangraph\export-service/appdata {"timestamp":"2024-04-19T18:08:03.655Z"}
debug: dir existsSync: ./logs {"timestamp":"2024-04-19T18:08:03.656Z"}
debug: clear {"timestamp":"2024-04-19T18:08:03.657Z"}
debug: readdir: C:\OSPanel\domains\bitrix.familyTree\local\modules\up.tree\node_modules\@balkangraph\export-service/appdata {"timestamp":"2024-04-19T18:08:03.657Z"}
debug: dir existsSync: ./logs {"timestamp":"2024-04-19T18:08:03.657Z"}
debug: clear {"timestamp":"2024-04-19T18:08:03.658Z"}
debug: readdir: C:\OSPanel\domains\bitrix.familyTree\local\modules\up.tree\node_modules\@balkangraph\export-service/appdata {"timestamp":"2024-04-19T18:08:03.658Z"}
debug: dir existsSync: ./logs {"timestamp":"2024-04-19T18:08:03.658Z"}
debug: clear {"timestamp":"2024-04-19T18:08:03.661Z"}
debug: readdir: C:\OSPanel\domains\bitrix.familyTree\local\modules\up.tree\node_modules\@balkangraph\export-service/appdata {"timestamp":"2024-04-19T18:08:03.661Z"}
debug: dir existsSync: ./logs {"timestamp":"2024-04-19T18:08:03.661Z"}
debug: clear {"timestamp":"2024-04-19T18:08:03.663Z"}
debug: readdir: C:\OSPanel\domains\bitrix.familyTree\local\modules\up.tree\node_modules\@balkangraph\export-service/appdata {"timestamp":"2024-04-19T18:08:03.663Z"}
debug: dir existsSync: ./logs {"timestamp":"2024-04-19T18:08:03.663Z"}
debug: clear {"timestamp":"2024-04-19T18:08:03.664Z"}
debug: readdir: C:\OSPanel\domains\bitrix.familyTree\local\modules\up.tree\node_modules\@balkangraph\export-service/appdata {"timestamp":"2024-04-19T18:08:03.665Z"}
debug: dir existsSync: ./logs {"timestamp":"2024-04-19T18:08:03.665Z"}
debug: clear {"timestamp":"2024-04-19T18:08:03.666Z"}
debug: readdir: C:\OSPanel\domains\bitrix.familyTree\local\modules\up.tree\node_modules\@balkangraph\export-service/appdata {"timestamp":"2024-04-19T18:08:03.667Z"}
debug: dir existsSync: ./logs {"timestamp":"2024-04-19T18:08:03.667Z"}
debug: clear {"timestamp":"2024-04-23T17:02:41.300Z"}
debug: readdir: C:\OSPanel\domains\bitrix.familyTree\local\modules\up.tree\node_modules\@balkangraph\export-service/appdata {"timestamp":"2024-04-23T17:02:41.303Z"}
debug: dir existsSync: ./logs {"timestamp":"2024-04-23T17:02:41.304Z"}
debug: clear {"timestamp":"2024-04-23T17:02:41.343Z"}
debug: readdir: C:\OSPanel\domains\bitrix.familyTree\local\modules\up.tree\node_modules\@balkangraph\export-service/appdata {"timestamp":"2024-04-23T17:02:41.344Z"}
debug: dir existsSync: ./logs {"timestamp":"2024-04-23T17:02:41.344Z"}
debug: clear {"timestamp":"2024-04-23T17:02:41.346Z"}
debug: readdir: C:\OSPanel\domains\bitrix.familyTree\local\modules\up.tree\node_modules\@balkangraph\export-service/appdata {"timestamp":"2024-04-23T17:02:41.346Z"}
debug: dir existsSync: ./logs {"timestamp":"2024-04-23T17:02:41.346Z"}
debug: clear {"timestamp":"2024-04-23T17:37:32.255Z"}
debug: readdir: C:\OSPanel\domains\dev.tree\local\modules\up.tree\node_modules\@balkangraph\export-service/appdata {"timestamp":"2024-04-23T17:37:32.266Z"}
debug: dir existsSync: ./logs {"timestamp":"2024-04-23T17:37:32.267Z"}
debug: clear {"timestamp":"2024-04-23T17:37:32.412Z"}
debug: readdir: C:\OSPanel\domains\dev.tree\local\modules\up.tree\node_modules\@balkangraph\export-service/appdata {"timestamp":"2024-04-23T17:37:32.413Z"}
debug: dir existsSync: ./logs {"timestamp":"2024-04-23T17:37:32.413Z"}
debug: clear {"timestamp":"2024-04-23T17:37:46.387Z"}
debug: readdir: C:\OSPanel\domains\dev.tree\local\modules\up.tree\node_modules\@balkangraph\export-service/appdata {"timestamp":"2024-04-23T17:37:46.388Z"}
debug: dir existsSync: ./logs {"timestamp":"2024-04-23T17:37:46.388Z"}
debug: clear {"timestamp":"2024-04-23T17:37:46.425Z"}
debug: readdir: C:\OSPanel\domains\dev.tree\local\modules\up.tree\node_modules\@balkangraph\export-service/appdata {"timestamp":"2024-04-23T17:37:46.426Z"}
debug: dir existsSync: ./logs {"timestamp":"2024-04-23T17:37:46.426Z"}
debug: clear {"timestamp":"2024-04-23T17:37:46.429Z"}
debug: readdir: C:\OSPanel\domains\dev.tree\local\modules\up.tree\node_modules\@balkangraph\export-service/appdata {"timestamp":"2024-04-23T17:37:46.429Z"}
debug: dir existsSync: ./logs {"timestamp":"2024-04-23T17:37:46.430Z"}
debug: clear {"timestamp":"2024-04-24T14:22:51.667Z"}
debug: readdir: C:\OSPanel\domains\bitrix.familyTree\local\modules\up.tree\node_modules\@balkangraph\export-service/appdata {"timestamp":"2024-04-24T14:22:51.673Z"}
debug: dir existsSync: ./logs {"timestamp":"2024-04-24T14:22:51.674Z"}
debug: clear {"timestamp":"2024-04-24T14:22:51.719Z"}
debug: readdir: C:\OSPanel\domains\bitrix.familyTree\local\modules\up.tree\node_modules\@balkangraph\export-service/appdata {"timestamp":"2024-04-24T14:22:51.720Z"}
debug: dir existsSync: ./logs {"timestamp":"2024-04-24T14:22:51.720Z"}
debug: clear {"timestamp":"2024-04-24T14:22:51.722Z"}
debug: readdir: C:\OSPanel\domains\bitrix.familyTree\local\modules\up.tree\node_modules\@balkangraph\export-service/appdata {"timestamp":"2024-04-24T14:22:51.722Z"}
debug: dir existsSync: ./logs {"timestamp":"2024-04-24T14:22:51.723Z"}
debug: clear {"timestamp":"2024-04-24T14:22:51.724Z"}
debug: readdir: C:\OSPanel\domains\bitrix.familyTree\local\modules\up.tree\node_modules\@balkangraph\export-service/appdata {"timestamp":"2024-04-24T14:22:51.724Z"}
debug: dir existsSync: ./logs {"timestamp":"2024-04-24T14:22:51.725Z"}
debug: clear {"timestamp":"2024-04-24T14:25:14.529Z"}
debug: readdir: C:\OSPanel\domains\bitrix.familyTree\local\modules\up.tree\node_modules\@balkangraph\export-service/appdata {"timestamp":"2024-04-24T14:25:14.530Z"}
debug: dir existsSync: ./logs {"timestamp":"2024-04-24T14:25:14.530Z"}
debug: clear {"timestamp":"2024-04-24T14:25:14.570Z"}
debug: readdir: C:\OSPanel\domains\bitrix.familyTree\local\modules\up.tree\node_modules\@balkangraph\export-service/appdata {"timestamp":"2024-04-24T14:25:14.571Z"}
debug: dir existsSync: ./logs {"timestamp":"2024-04-24T14:25:14.571Z"}
debug: clear {"timestamp":"2024-04-24T14:25:14.573Z"}
debug: readdir: C:\OSPanel\domains\bitrix.familyTree\local\modules\up.tree\node_modules\@balkangraph\export-service/appdata {"timestamp":"2024-04-24T14:25:14.574Z"}
debug: dir existsSync: ./logs {"timestamp":"2024-04-24T14:25:14.574Z"}
debug: clear {"timestamp":"2024-04-24T14:25:14.575Z"}
debug: readdir: C:\OSPanel\domains\bitrix.familyTree\local\modules\up.tree\node_modules\@balkangraph\export-service/appdata {"timestamp":"2024-04-24T14:25:14.576Z"}
debug: dir existsSync: ./logs {"timestamp":"2024-04-24T14:25:14.576Z"}
debug: clear {"timestamp":"2024-05-08T12:49:06.998Z"}
debug: readdir: C:\OSPanel\domains\dev.tree\local\modules\up.tree\node_modules\@balkangraph\export-service/appdata {"timestamp":"2024-05-08T12:49:07.008Z"}
debug: dir existsSync: ./logs {"timestamp":"2024-05-08T12:49:07.009Z"}
debug: readdir filename: C:\OSPanel\domains\dev.tree\local\modules\up.tree\node_modules\@balkangraph\export-service/appdata/2024-4-5-19-25-5~64e516d7-1a3e-466c-8a70-0f5413acb21f.pdf {"timestamp":"2024-05-08T12:49:07.013Z"}
debug: readdir filename: C:\OSPanel\domains\dev.tree\local\modules\up.tree\node_modules\@balkangraph\export-service/appdata/2024-4-5-19-25-5~64e516d7-1a3e-466c-8a70-0f5413acb21f.svg {"timestamp":"2024-05-08T12:49:07.013Z"}
debug: readdir filename: C:\OSPanel\domains\dev.tree\local\modules\up.tree\node_modules\@balkangraph\export-service/appdata/2024-4-5-19-25-9~9f56e4f5-3e4c-407b-83b2-a2031d5dab09.pdf {"timestamp":"2024-05-08T12:49:07.013Z"}
debug: readdir filename: C:\OSPanel\domains\dev.tree\local\modules\up.tree\node_modules\@balkangraph\export-service/appdata/2024-4-5-19-25-9~9f56e4f5-3e4c-407b-83b2-a2031d5dab09.svg {"timestamp":"2024-05-08T12:49:07.014Z"}
info: file C:\OSPanel\domains\dev.tree\local\modules\up.tree\node_modules\@balkangraph\export-service/appdata/2024-4-5-19-25-9~9f56e4f5-3e4c-407b-83b2-a2031d5dab09.pdf has been deleted! {"timestamp":"2024-05-08T12:49:07.022Z"}
info: file C:\OSPanel\domains\dev.tree\local\modules\up.tree\node_modules\@balkangraph\export-service/appdata/2024-4-5-19-25-5~64e516d7-1a3e-466c-8a70-0f5413acb21f.svg has been deleted! {"timestamp":"2024-05-08T12:49:07.024Z"}
info: file C:\OSPanel\domains\dev.tree\local\modules\up.tree\node_modules\@balkangraph\export-service/appdata/2024-4-5-19-25-5~64e516d7-1a3e-466c-8a70-0f5413acb21f.pdf has been deleted! {"timestamp":"2024-05-08T12:49:07.025Z"}
info: file C:\OSPanel\domains\dev.tree\local\modules\up.tree\node_modules\@balkangraph\export-service/appdata/2024-4-5-19-25-9~9f56e4f5-3e4c-407b-83b2-a2031d5dab09.svg has been deleted! {"timestamp":"2024-05-08T12:49:07.026Z"}
debug: clear {"timestamp":"2024-05-08T12:49:16.193Z"}
debug: readdir: C:\OSPanel\domains\dev.tree\local\modules\up.tree\node_modules\@balkangraph\export-service/appdata {"timestamp":"2024-05-08T12:49:16.194Z"}
debug: dir existsSync: ./logs {"timestamp":"2024-05-08T12:49:16.195Z"}
